<?xml version="1.0" encoding="UTF-8"?>
<!-- Generated by org.testng.reporters.JUnitXMLReporter -->
<testsuite ignored="2" hostname="OPSI-LT-137" failures="0" tests="1" name="Default test" time="17.692" errors="0" timestamp="2020-12-16T10:38:26 SAST">
  <testcase classname="TestSuite.TestCases" name="TC01_AddNewAdmin" time="9.891"/>
  <testcase classname="TestSuite.TestCases" name="TC03_AddNewCustomerKeyword" time="0.0">
    <ignored/>
  </testcase> <!-- TC03_AddNewCustomerKeyword -->
  <testcase classname="TestSuite.TestCases" name="TC02_AddNewCustomer" time="0.0">
    <ignored/>
  </testcase> <!-- TC02_AddNewCustomer -->
</testsuite> <!-- Default test -->
