<?xml version="1.0" encoding="UTF-8"?>
<!-- Generated by org.testng.reporters.JUnitXMLReporter -->
<testsuite ignored="0" hostname="OPSI-LT-137" failures="0" tests="3" name="Test" time="48.786" errors="0" timestamp="2020-12-16T11:09:51 SAST">
  <testcase classname="TestSuite.TestCases" name="TC01_AddNewAdmin" time="9.658"/>
  <testcase classname="TestSuite.TestCases" name="TC02_AddNewCustomer" time="6.677"/>
  <testcase classname="TestSuite.TestCases" name="TC03_AddNewCustomerKeyword" time="6.707"/>
</testsuite> <!-- Test -->
